<?xml version="1.0" encoding="UTF-8"?>
<!-- Generated by org.testng.reporters.JUnitXMLReporter -->
<testsuite hostname="DESKTOP-79A3IT3" ignored="0" name="Test" tests="4" failures="0" timestamp="06 Jun 2019 10:12:49 GMT" time="0.355" errors="0">
  <testcase name="@BeforeClass LaunchBrowser" time="0.131" classname="Demo.TestNGBasics">
    <failure type="java.lang.IllegalStateException" message="The driver executable does not exist: C:\Users\HP\eclipse-workspace\Demo\.\driver\chromedriver.exe">
      <![CDATA[java.lang.IllegalStateException: The driver executable does not exist: C:\Users\HP\eclipse-workspace\Demo\.\driver\chromedriver.exe
at com.google.common.base.Preconditions.checkState(Preconditions.java:585)
at org.openqa.selenium.remote.service.DriverService.checkExecutable(DriverService.java:146)
at org.openqa.selenium.remote.service.DriverService.findExecutable(DriverService.java:141)
at org.openqa.selenium.chrome.ChromeDriverService.access$000(ChromeDriverService.java:35)
at org.openqa.selenium.chrome.ChromeDriverService$Builder.findDefaultExecutable(ChromeDriverService.java:159)
at org.openqa.selenium.remote.service.DriverService$Builder.build(DriverService.java:355)
at org.openqa.selenium.chrome.ChromeDriverService.createDefaultService(ChromeDriverService.java:94)
at org.openqa.selenium.chrome.ChromeDriver.<init>(ChromeDriver.java:123)
at Demo.TestNGBasics.LaunchBrowser(TestNGBasics.java:41)
... Removed 26 stack frames]]>
    </failure>
  </testcase> <!-- @BeforeClass LaunchBrowser -->
  <testcase name="@BeforeMethod enterurl" time="0.0" classname="Demo.TestNGBasics">
    <skipped/>
  </testcase> <!-- @BeforeMethod enterurl -->
  <testcase name="@BeforeMethod enterurl" time="0.0" classname="Demo.TestNGBasics">
    <skipped/>
  </testcase> <!-- @BeforeMethod enterurl -->
  <testcase name="@BeforeMethod enterurl" time="0.0" classname="Demo.TestNGBasics">
    <skipped/>
  </testcase> <!-- @BeforeMethod enterurl -->
  <testcase name="@BeforeMethod enterurl" time="0.0" classname="Demo.TestNGBasics">
    <skipped/>
  </testcase> <!-- @BeforeMethod enterurl -->
  <testcase name="@AfterClass closeBrowser" time="0.0" classname="Demo.TestNGBasics">
    <skipped/>
  </testcase> <!-- @AfterClass closeBrowser -->
  <testcase name="deleteallcokies" time="0.0" classname="Demo.TestNGBasics">
    <skipped/>
  </testcase> <!-- deleteallcokies -->
  <testcase name="googleTitletest" time="0.0" classname="Demo.TestNGBasics">
    <skipped/>
  </testcase> <!-- googleTitletest -->
  <testcase name="logout" time="0.0" classname="Demo.TestNGBasics">
    <skipped/>
  </testcase> <!-- logout -->
  <testcase name="login" time="0.0" classname="Demo.TestNGBasics">
    <skipped/>
  </testcase> <!-- login -->
</testsuite> <!-- Test -->
